<?xml version="1.0" encoding="UTF-8"?>
<!-- Generated by org.testng.reporters.JUnitReportReporter -->
<testsuite hostname="DTBLR01LP125" failures="0" tests="6" name="testcases.ProductPageTest" time="103.900" errors="0" timestamp="2026-06-08T22:16:04 IST" skipped="0">
  <testcase classname="testcases.ProductPageTest" name="verifyBrandFilterWorks" time="16.156"/>
  <testcase classname="testcases.ProductPageTest" name="verifyProductDetailsPageShowsProductInformation" time="17.185"/>
  <testcase classname="testcases.ProductPageTest" name="verifyInvalidProductSearchShowsNoProductCards" time="15.498"/>
  <testcase classname="testcases.ProductPageTest" name="verifyUserCanSearchProductAndAddToCart" time="19.040"/>
  <testcase classname="testcases.ProductPageTest" name="verifyProductsPageLayout" time="16.833"/>
  <testcase classname="testcases.ProductPageTest" name="verifyCategoryFilterWorks" time="19.188"/>
</testsuite> <!-- testcases.ProductPageTest -->
